<?xml version="1.0" encoding="UTF-8"?>
<!-- Generated by org.testng.reporters.JUnitReportReporter -->
<testsuite skipped="0" hostname="Mahesh-PC" name="landing.Landing" tests="6" failures="0" timestamp="07 Apr 2019 08:06:14 GMT" time="5.021" errors="0">
  <testcase name="verifySectionCount" time="0.080" classname="landing.Landing"/>
  <testcase name="verifyBoxesCount" time="0.741" classname="landing.Landing"/>
  <testcase name="verifyAllSections" time="1.028" classname="landing.Landing"/>
  <testcase name="verifyAllTiles" time="1.012" classname="landing.Landing"/>
  <testcase name="boxForSection" time="0.329" classname="landing.Landing"/>
  <testcase name="selectTile" time="1.831" classname="landing.Landing"/>
</testsuite> <!-- landing.Landing -->
