<?xml version="1.0" encoding="UTF-8"?>
<!-- Generated by org.testng.reporters.JUnitReportReporter -->
<testsuite skipped="1" hostname="ACD-001" name="interaction.Events" tests="1" failures="0" timestamp="17 Apr 2019 13:28:05 GMT" time="0.000" errors="0">
  <testcase name="centerCursorDrag" time="0.000" classname="interaction.Events">
    <skipped/>
  </testcase> <!-- centerCursorDrag -->
</testsuite> <!-- interaction.Events -->
