<?xml version="1.0" encoding="UTF-8"?>
<!-- Generated by org.testng.reporters.JUnitReportReporter -->
<testsuite skipped="0" hostname="ACD-001" name="interaction.TestSuitDraggable" tests="2" failures="0" timestamp="01 Apr 2019 06:52:00 GMT" time="0.093" errors="0">
  <testcase name="isinDraggable" time="0.036" classname="interaction.TestSuitDraggable"/>
  <testcase name="selectFeature" time="0.057" classname="interaction.TestSuitDraggable"/>
</testsuite> <!-- interaction.TestSuitDraggable -->
