<?xml version="1.0" encoding="UTF-8"?>
<!-- Generated by org.testng.reporters.JUnitReportReporter -->
<testsuite skipped="5" hostname="Mahesh-PC" name="tsuit.interaction.TSuit_Draggable" tests="7" failures="0" timestamp="06 Apr 2019 11:51:39 GMT" time="0.090" errors="0">
  <testcase name="isinDraggable" time="0.079" classname="tsuit.interaction.TSuit_Draggable"/>
  <testcase name="selectFeature" time="0.002" classname="tsuit.interaction.TSuit_Draggable"/>
  <testcase name="dragMeAround" time="0.001" classname="tsuit.interaction.TSuit_Draggable">
    <skipped/>
  </testcase> <!-- dragMeAround -->
  <testcase name="verticalDragOnly" time="0.001" classname="tsuit.interaction.TSuit_Draggable">
    <skipped/>
  </testcase> <!-- verticalDragOnly -->
  <testcase name="horzontalDragOnly" time="0.002" classname="tsuit.interaction.TSuit_Draggable">
    <skipped/>
  </testcase> <!-- horzontalDragOnly -->
  <testcase name="dragWithInBox" time="0.001" classname="tsuit.interaction.TSuit_Draggable">
    <skipped/>
  </testcase> <!-- dragWithInBox -->
  <testcase name="dragContainedParent" time="0.004" classname="tsuit.interaction.TSuit_Draggable">
    <skipped/>
  </testcase> <!-- dragContainedParent -->
</testsuite> <!-- tsuit.interaction.TSuit_Draggable -->
