<?xml version="1.0" encoding="UTF-8"?>
<!-- Generated by org.testng.reporters.JUnitReportReporter -->
<testsuite hostname="ACD-002" failures="0" tests="3" name="adminTC.LoginPage" time="45.395" errors="0" timestamp="02 Aug 2019 12:30:45 GMT" skipped="0">
  <testcase classname="adminTC.LoginPage" name="openBrowser" time="7.979"/>
  <testcase classname="adminTC.LoginPage" name="setLoginDetails" time="35.382"/>
  <testcase classname="adminTC.LoginPage" name="clickLaterButton" time="2.034"/>
</testsuite> <!-- adminTC.LoginPage -->
