<?xml version="1.0" encoding="UTF-8"?>
<!-- Generated by org.testng.reporters.JUnitReportReporter -->
<testsuite skipped="0" hostname="ACD-001" name="login_setup.SetLogin" tests="3" failures="0" timestamp="01 Apr 2019 06:52:00 GMT" time="7.872" errors="0">
  <testcase name="openBrowser" time="6.294" classname="login_setup.SetLogin"/>
  <testcase name="elementVerification" time="0.552" classname="login_setup.SetLogin"/>
  <testcase name="setLoginDetails" time="1.026" classname="login_setup.SetLogin"/>
</testsuite> <!-- login_setup.SetLogin -->
