<?xml version="1.0" encoding="UTF-8"?>
<!-- Generated by org.testng.reporters.JUnitReportReporter -->
<testsuite skipped="0" hostname="Mahesh-PC" name="login.Login" tests="3" failures="0" timestamp="07 Apr 2019 08:06:14 GMT" time="15.718" errors="0">
  <testcase name="openBrowser" time="12.476" classname="login.Login"/>
  <testcase name="elementVerification" time="1.034" classname="login.Login"/>
  <testcase name="setLoginDetails" time="2.208" classname="login.Login"/>
</testsuite> <!-- login.Login -->
