<?xml version="1.0" encoding="UTF-8"?>
<!-- Generated by org.testng.reporters.JUnitReportReporter -->
<testsuite skipped="0" hostname="Mahesh-PC" name="tsuit.login_setup.TSuit_SetLogin" tests="3" failures="0" timestamp="06 Apr 2019 11:51:39 GMT" time="13.905" errors="0">
  <testcase name="openBrowser" time="10.666" classname="tsuit.login_setup.TSuit_SetLogin"/>
  <testcase name="elementVerification" time="1.062" classname="tsuit.login_setup.TSuit_SetLogin"/>
  <testcase name="setLoginDetails" time="2.177" classname="tsuit.login_setup.TSuit_SetLogin"/>
</testsuite> <!-- tsuit.login_setup.TSuit_SetLogin -->
