<?xml version="1.0" encoding="UTF-8"?>
<!-- Generated by org.testng.reporters.JUnitReportReporter -->
<testsuite skipped="0" hostname="Mahesh-PC" name="interaction.CursorStyle" tests="1" failures="0" timestamp="07 Apr 2019 08:06:14 GMT" time="0.578" errors="0">
  <testcase name="centerCursorDrag" time="0.578" classname="interaction.CursorStyle"/>
</testsuite> <!-- interaction.CursorStyle -->
