<?xml version="1.0" encoding="UTF-8"?>
<!-- Generated by org.testng.reporters.JUnitReportReporter -->
<testsuite skipped="0" hostname="Mahesh-PC" name="tsuit.login_setup.TSuit_LandingPage" tests="6" failures="0" timestamp="06 Apr 2019 11:51:39 GMT" time="5.004" errors="0">
  <testcase name="verifySectionCount" time="0.078" classname="tsuit.login_setup.TSuit_LandingPage"/>
  <testcase name="verifyBoxesCount" time="0.037" classname="tsuit.login_setup.TSuit_LandingPage"/>
  <testcase name="verifyAllSections" time="1.422" classname="tsuit.login_setup.TSuit_LandingPage"/>
  <testcase name="verifyAllTiles" time="0.921" classname="tsuit.login_setup.TSuit_LandingPage"/>
  <testcase name="boxForSection" time="0.384" classname="tsuit.login_setup.TSuit_LandingPage"/>
  <testcase name="selectTile" time="2.162" classname="tsuit.login_setup.TSuit_LandingPage"/>
</testsuite> <!-- tsuit.login_setup.TSuit_LandingPage -->
