<?xml version="1.0" encoding="UTF-8"?>
<!-- Generated by org.testng.reporters.JUnitReportReporter -->
<testsuite skipped="0" hostname="ACD-001" name="login_setup.LandingPage" tests="6" failures="0" timestamp="01 Apr 2019 06:52:00 GMT" time="3.470" errors="0">
  <testcase name="verifySectionCount" time="0.031" classname="login_setup.LandingPage"/>
  <testcase name="verifyBoxesCount" time="1.137" classname="login_setup.LandingPage"/>
  <testcase name="verifyAllSections" time="0.540" classname="login_setup.LandingPage"/>
  <testcase name="verifyAllTiles" time="0.502" classname="login_setup.LandingPage"/>
  <testcase name="boxForSection" time="0.173" classname="login_setup.LandingPage"/>
  <testcase name="selectTile" time="1.087" classname="login_setup.LandingPage"/>
</testsuite> <!-- login_setup.LandingPage -->
