<?xml version="1.0" encoding="UTF-8"?>
<!-- Generated by org.testng.reporters.JUnitReportReporter -->
<testsuite skipped="5" hostname="Mahesh-PC" name="interaction.Draggable" tests="7" failures="0" timestamp="07 Apr 2019 08:06:14 GMT" time="0.190" errors="0">
  <testcase name="isinDraggable" time="0.078" classname="interaction.Draggable"/>
  <testcase name="selectFeature" time="0.105" classname="interaction.Draggable"/>
  <testcase name="dragMeAround" time="0.001" classname="interaction.Draggable">
    <skipped/>
  </testcase> <!-- dragMeAround -->
  <testcase name="verticalDragOnly" time="0.002" classname="interaction.Draggable">
    <skipped/>
  </testcase> <!-- verticalDragOnly -->
  <testcase name="horzontalDragOnly" time="0.001" classname="interaction.Draggable">
    <skipped/>
  </testcase> <!-- horzontalDragOnly -->
  <testcase name="dragWithInBox" time="0.002" classname="interaction.Draggable">
    <skipped/>
  </testcase> <!-- dragWithInBox -->
  <testcase name="dragContainedParent" time="0.001" classname="interaction.Draggable">
    <skipped/>
  </testcase> <!-- dragContainedParent -->
</testsuite> <!-- interaction.Draggable -->
