<?xml version="1.0" encoding="UTF-8"?>
<!-- Generated by org.testng.reporters.JUnitReportReporter -->
<testsuite skipped="0" hostname="ACD-001" name="interaction.DraggabelSortable" tests="1" failures="0" timestamp="17 Apr 2019 13:28:05 GMT" time="0.002" errors="0">
  <testcase name="centerCursorDrag" time="0.002" classname="interaction.DraggabelSortable"/>
</testsuite> <!-- interaction.DraggabelSortable -->
