<?xml version="1.0" encoding="UTF-8"?>
<!-- Generated by org.testng.reporters.JUnitReportReporter -->
<testsuite skipped="0" hostname="ACD-001" name="browser_setup.SetBrowser" tests="3" failures="0" timestamp="01 Mar 2019 09:46:32 GMT" time="13.826" errors="0">
  <testcase name="openBrowser" time="7.415" classname="browser_setup.SetBrowser"/>
  <testcase name="elementVerification" time="5.470" classname="browser_setup.SetBrowser"/>
  <testcase name="setLoginDetails" time="0.941" classname="browser_setup.SetBrowser"/>
</testsuite> <!-- browser_setup.SetBrowser -->
