<?xml version="1.0" encoding="UTF-8"?>
<!-- Generated by org.testng.reporters.JUnitReportReporter -->
<testsuite skipped="0" hostname="ACD-063" name="adminTC.NavigateToProducts" tests="1" failures="0" timestamp="02 May 2019 05:55:07 GMT" time="4.120" errors="0">
  <testcase name="Navigate" time="4.120" classname="adminTC.NavigateToProducts"/>
</testsuite> <!-- adminTC.NavigateToProducts -->
