<?xml version="1.0" encoding="UTF-8"?>
<!-- Generated by org.testng.reporters.JUnitReportReporter -->
<testsuite skipped="0" hostname="ACD-063" name="adminTC.LoginPage" tests="2" failures="0" timestamp="26 Apr 2019 09:15:51 GMT" time="33.013" errors="0">
  <testcase name="openBrowser" time="29.468" classname="adminTC.LoginPage"/>
  <testcase name="setLoginDetails" time="3.545" classname="adminTC.LoginPage"/>
</testsuite> <!-- adminTC.LoginPage -->
