<?xml version="1.0" encoding="UTF-8"?>
<!-- Generated by org.testng.reporters.JUnitReportReporter -->
<testsuite hostname="ACD-002" failures="0" tests="3" name="adminTC.LoginPage" time="11.916" errors="0" timestamp="10 May 2019 06:49:11 GMT" skipped="0">
  <testcase classname="adminTC.LoginPage" name="openBrowser" time="7.470"/>
  <testcase classname="adminTC.LoginPage" name="setLoginDetails" time="0.859"/>
  <testcase classname="adminTC.LoginPage" name="clickLaterButton" time="3.587"/>
</testsuite> <!-- adminTC.LoginPage -->
