<?xml version="1.0" encoding="UTF-8"?>
<!-- Generated by org.testng.reporters.JUnitReportReporter -->
<testsuite hostname="ACD-002" failures="0" tests="2" name="adminTC.ProductsPage" time="9.748" errors="0" timestamp="18 May 2019 10:16:16 GMT" skipped="0">
  <testcase classname="adminTC.ProductsPage" name="AddProduct" time="8.109"/>
  <testcase classname="adminTC.ProductsPage" name="FilterProduct" time="1.639"/>
</testsuite> <!-- adminTC.ProductsPage -->
