<?xml version="1.0" encoding="UTF-8"?>
<!-- Generated by org.testng.reporters.JUnitReportReporter -->
<testsuite skipped="0" hostname="ACD-063" name="adminTC.LoginPage" tests="2" failures="0" timestamp="30 Apr 2019 07:05:36 GMT" time="16.272" errors="0">
  <testcase name="openBrowser" time="15.460" classname="adminTC.LoginPage"/>
  <testcase name="setLoginDetails" time="0.812" classname="adminTC.LoginPage"/>
</testsuite> <!-- adminTC.LoginPage -->
