<?xml version="1.0" encoding="UTF-8"?>
<!-- Generated by org.testng.reporters.JUnitReportReporter -->
<testsuite skipped="0" hostname="ACD-063" name="adminTC.ProductsPage" tests="1" failures="0" timestamp="02 May 2019 05:55:07 GMT" time="7.860" errors="0">
  <testcase name="AddProduct" time="7.860" classname="adminTC.ProductsPage"/>
</testsuite> <!-- adminTC.ProductsPage -->
