<?xml version="1.0" encoding="UTF-8"?>
<!-- Generated by org.testng.reporters.JUnitReportReporter -->
<testsuite hostname="ACD-002" failures="0" tests="3" name="adminTC.LoginPage" time="13.491" errors="0" timestamp="18 May 2019 10:16:16 GMT" skipped="0">
  <testcase classname="adminTC.LoginPage" name="openBrowser" time="7.446"/>
  <testcase classname="adminTC.LoginPage" name="setLoginDetails" time="3.999"/>
  <testcase classname="adminTC.LoginPage" name="clickLaterButton" time="2.046"/>
</testsuite> <!-- adminTC.LoginPage -->
