<?xml version="1.0" encoding="UTF-8"?>
<!-- Generated by org.testng.reporters.JUnitReportReporter -->
<testsuite skipped="0" hostname="ACD-063" name="adminTC.LoginPage" tests="2" failures="0" timestamp="02 May 2019 05:55:07 GMT" time="22.258" errors="0">
  <testcase name="openBrowser" time="17.933" classname="adminTC.LoginPage"/>
  <testcase name="setLoginDetails" time="4.325" classname="adminTC.LoginPage"/>
</testsuite> <!-- adminTC.LoginPage -->
