<?xml version="1.0" encoding="UTF-8"?>
<!-- Generated by org.testng.reporters.JUnitReportReporter -->
<testsuite hostname="ACD-002" failures="0" tests="1" name="adminTC.NavigateToProducts" time="4.359" errors="0" timestamp="18 May 2019 10:16:16 GMT" skipped="0">
  <testcase classname="adminTC.NavigateToProducts" name="Navigate" time="4.359"/>
</testsuite> <!-- adminTC.NavigateToProducts -->
