<?xml version="1.0" encoding="UTF-8"?>
<!-- Generated by org.testng.reporters.JUnitReportReporter -->
<testsuite skipped="0" hostname="ACD-063" name="adminTC.LoginPage" tests="2" failures="0" timestamp="07 May 2019 10:02:54 GMT" time="13.347" errors="0">
  <testcase name="openBrowser" time="10.122" classname="adminTC.LoginPage"/>
  <testcase name="setLoginDetails" time="3.225" classname="adminTC.LoginPage"/>
</testsuite> <!-- adminTC.LoginPage -->
