<?xml version="1.0" encoding="UTF-8"?>
<!-- Generated by org.testng.reporters.JUnitReportReporter -->
<testsuite skipped="0" hostname="ACD-063" name="adminTC.ProductsPage" tests="1" failures="0" timestamp="07 May 2019 10:02:54 GMT" time="5.730" errors="0">
  <testcase name="AddProduct" time="5.730" classname="adminTC.ProductsPage"/>
</testsuite> <!-- adminTC.ProductsPage -->
