<?xml version="1.0" encoding="UTF-8"?>
<!-- Generated by org.testng.reporters.JUnitReportReporter -->
<testsuite hostname="ACD-002" failures="0" tests="1" name="adminTC.ProductsPage" time="8.812" errors="0" timestamp="10 May 2019 06:49:11 GMT" skipped="0">
  <testcase classname="adminTC.ProductsPage" name="AddProduct" time="8.812"/>
</testsuite> <!-- adminTC.ProductsPage -->
