<?xml version="1.0" encoding="UTF-8"?>
<!-- Generated by org.testng.reporters.JUnitReportReporter -->
<testsuite hostname="ACD-002" failures="0" tests="1" name="adminTC.NavigateToProducts" time="21.768" errors="0" timestamp="11 Jul 2019 06:49:35 GMT" skipped="0">
  <testcase classname="adminTC.NavigateToProducts" name="Navigate" time="21.768"/>
</testsuite> <!-- adminTC.NavigateToProducts -->
