<?xml version="1.0" encoding="UTF-8"?>
<!-- Generated by org.testng.reporters.JUnitReportReporter -->
<testsuite hostname="ACD-002" failures="0" tests="3" name="adminTC.LoginPage" time="14.949" errors="0" timestamp="11 Jul 2019 06:49:35 GMT" skipped="0">
  <testcase classname="adminTC.LoginPage" name="openBrowser" time="8.771"/>
  <testcase classname="adminTC.LoginPage" name="setLoginDetails" time="4.131"/>
  <testcase classname="adminTC.LoginPage" name="clickLaterButton" time="2.047"/>
</testsuite> <!-- adminTC.LoginPage -->
